<?xml version="1.0" encoding="UTF-8"?>
<!-- Generated by org.testng.reporters.JUnitXMLReporter -->
<testsuite ignored="0" hostname="DESKTOP-LM60U8L" failures="0" tests="1" name="Test" time="2.335" errors="0" timestamp="2021-05-24T20:13:00 IST">
  <testcase classname="com.application.TestCase.BaseClass" name="@BeforeClass beforeTest" time="2.247">
    <failure type="org.openqa.selenium.SessionNotCreatedException" message="session not created: This version of ChromeDriver only supports Chrome version 87
Current browser version is 90.0.4430.212 with binary path C:\Program Files (x86)\Google\Chrome\Application\chrome.exe
Build info: version: &amp;apos;3.141.59&amp;apos;, revision: &amp;apos;e82be7d358&amp;apos;, time: &amp;apos;2018-11-14T08:17:03&amp;apos;
System info: host: &amp;apos;DESKTOP-LM60U8L&amp;apos;, ip: &amp;apos;192.168.72.1&amp;apos;, os.name: &amp;apos;Windows 10&amp;apos;, os.arch: &amp;apos;amd64&amp;apos;, os.version: &amp;apos;10.0&amp;apos;, java.version: &amp;apos;15.0.1&amp;apos;
Driver info: driver.version: ChromeDriver
remote stacktrace: Backtrace:
	Ordinal0 [0x00B5C0C3+3326147]
	Ordinal0 [0x00A40851+2164817]
	Ordinal0 [0x008C7298+619160]
	Ordinal0 [0x00841D92+73106]
	Ordinal0 [0x0083E119+57625]
	Ordinal0 [0x0083C38A+50058]
	Ordinal0 [0x00865F3E+220990]
	Ordinal0 [0x00865CAC+220332]
	Ordinal0 [0x0086189B+202907]
	Ordinal0 [0x00843DF4+81396]
	Ordinal0 [0x00844DEE+85486]
	Ordinal0 [0x00844D79+85369]
	Ordinal0 [0x00A585DC+2262492]
	GetHandleVerifier [0x00CE2874+1487204]
	GetHandleVerifier [0x00CE23CD+1486013]
	GetHandleVerifier [0x00CEA368+1518680]
	GetHandleVerifier [0x00CE2F4E+1488958]
	Ordinal0 [0x00A4ED0D+2223373]
	Ordinal0 [0x00A5A12B+2269483]
	Ordinal0 [0x00A5A26F+2269807]
	Ordinal0 [0x00A6ECB8+2354360]
	BaseThreadInitThunk [0x76C2FA29+25]
	RtlGetAppContainerNamedObjectPath [0x77AC7A7E+286]
	RtlGetAppContainerNamedObjectPath [0x77AC7A4E+238]
">
      <![CDATA[org.openqa.selenium.SessionNotCreatedException: session not created: This version of ChromeDriver only supports Chrome version 87
Current browser version is 90.0.4430.212 with binary path C:\Program Files (x86)\Google\Chrome\Application\chrome.exe
Build info: version: '3.141.59', revision: 'e82be7d358', time: '2018-11-14T08:17:03'
System info: host: 'DESKTOP-LM60U8L', ip: '192.168.72.1', os.name: 'Windows 10', os.arch: 'amd64', os.version: '10.0', java.version: '15.0.1'
Driver info: driver.version: ChromeDriver
remote stacktrace: Backtrace:
Ordinal0 [0x00B5C0C3+3326147]
Ordinal0 [0x00A40851+2164817]
Ordinal0 [0x008C7298+619160]
Ordinal0 [0x00841D92+73106]
Ordinal0 [0x0083E119+57625]
Ordinal0 [0x0083C38A+50058]
Ordinal0 [0x00865F3E+220990]
Ordinal0 [0x00865CAC+220332]
Ordinal0 [0x0086189B+202907]
Ordinal0 [0x00843DF4+81396]
Ordinal0 [0x00844DEE+85486]
Ordinal0 [0x00844D79+85369]
Ordinal0 [0x00A585DC+2262492]
GetHandleVerifier [0x00CE2874+1487204]
GetHandleVerifier [0x00CE23CD+1486013]
GetHandleVerifier [0x00CEA368+1518680]
GetHandleVerifier [0x00CE2F4E+1488958]
Ordinal0 [0x00A4ED0D+2223373]
Ordinal0 [0x00A5A12B+2269483]
Ordinal0 [0x00A5A26F+2269807]
Ordinal0 [0x00A6ECB8+2354360]
BaseThreadInitThunk [0x76C2FA29+25]
RtlGetAppContainerNamedObjectPath [0x77AC7A7E+286]
RtlGetAppContainerNamedObjectPath [0x77AC7A4E+238]

at org.openqa.selenium.remote.W3CHandshakeResponse.lambda$errorHandler$0(W3CHandshakeResponse.java:62)
at org.openqa.selenium.remote.HandshakeResponse.lambda$getResponseFunction$0(HandshakeResponse.java:30)
at org.openqa.selenium.remote.ProtocolHandshake.lambda$createSession$0(ProtocolHandshake.java:126)
at java.base/java.util.stream.ReferencePipeline$3$1.accept(ReferencePipeline.java:195)
at java.base/java.util.Spliterators$ArraySpliterator.tryAdvance(Spliterators.java:958)
at java.base/java.util.stream.ReferencePipeline.forEachWithCancel(ReferencePipeline.java:127)
at java.base/java.util.stream.AbstractPipeline.copyIntoWithCancel(AbstractPipeline.java:502)
at java.base/java.util.stream.AbstractPipeline.copyInto(AbstractPipeline.java:488)
at java.base/java.util.stream.AbstractPipeline.wrapAndCopyInto(AbstractPipeline.java:474)
at java.base/java.util.stream.FindOps$FindOp.evaluateSequential(FindOps.java:150)
at java.base/java.util.stream.AbstractPipeline.evaluate(AbstractPipeline.java:234)
at java.base/java.util.stream.ReferencePipeline.findFirst(ReferencePipeline.java:543)
at org.openqa.selenium.remote.ProtocolHandshake.createSession(ProtocolHandshake.java:128)
at org.openqa.selenium.remote.ProtocolHandshake.createSession(ProtocolHandshake.java:74)
at org.openqa.selenium.remote.HttpCommandExecutor.execute(HttpCommandExecutor.java:136)
at org.openqa.selenium.remote.service.DriverCommandExecutor.execute(DriverCommandExecutor.java:83)
at org.openqa.selenium.remote.RemoteWebDriver.execute(RemoteWebDriver.java:552)
at org.openqa.selenium.remote.RemoteWebDriver.startSession(RemoteWebDriver.java:213)
at org.openqa.selenium.remote.RemoteWebDriver.<init>(RemoteWebDriver.java:131)
at org.openqa.selenium.chrome.ChromeDriver.<init>(ChromeDriver.java:181)
at org.openqa.selenium.chrome.ChromeDriver.<init>(ChromeDriver.java:168)
at org.openqa.selenium.chrome.ChromeDriver.<init>(ChromeDriver.java:123)
at com.application.TestCase.BaseClass.beforeTest(BaseClass.java:17)
at java.base/java.util.ArrayList.forEach(ArrayList.java:1511)
... Removed 30 stack frames]]>
    </failure>
  </testcase> <!-- @BeforeClass beforeTest -->
  <testcase classname="com.application.TestCase.TC1_Automationpractice" name="moveToprocess" time="0.0">
    <skipped/>
  </testcase> <!-- moveToprocess -->
</testsuite> <!-- Test -->
